<?xml version="1.0" encoding="UTF-8" ?>
<testsuites>
 <testsuite name="Player" timestamp="2017-05-04T19:29:25" hostname="localhost" time="0.013" errors="0" tests="2" skipped="0" disabled="0" failures="0">
  <testcase classname="Player" name="should be able to play a Song" time="0.005" />
  <testcase classname="Player" name="tells the current song if the user has made it a favorite" time="0.003" />
 </testsuite>
 <testsuite name="Player.when song has been paused" timestamp="2017-05-04T19:29:25" hostname="localhost" time="0.002" errors="0" tests="2" skipped="0" disabled="0" failures="0">
  <testcase classname="Player.when song has been paused" name="should indicate that the song is currently paused" time="0.001" />
  <testcase classname="Player.when song has been paused" name="should be possible to resume" time="0" />
 </testsuite>
 <testsuite name="Player.#resume" timestamp="2017-05-04T19:29:25" hostname="localhost" time="0.002" errors="0" tests="1" skipped="0" disabled="0" failures="0">
  <testcase classname="Player.#resume" name="should throw an exception if song is already playing" time="0.001" />
 </testsuite>
</testsuites>